<?xml version="1.0" encoding="UTF-8"?>
<testng-results skipped="0" failed="0" total="1" passed="1">
  <reporter-output>
  </reporter-output>
  <suite name="Default suite" duration-ms="10650" started-at="2019-03-29T07:50:46Z" finished-at="2019-03-29T07:50:57Z">
    <groups>
    </groups>
    <test name="Default test" duration-ms="10650" started-at="2019-03-29T07:50:46Z" finished-at="2019-03-29T07:50:57Z">
      <class name="projecttest.TestClass">
        <test-method status="PASS" signature="test()[pri:0, instance:projecttest.TestClass@39fa8ad2]" name="test" duration-ms="10548" started-at="2019-03-29T13:20:46Z" finished-at="2019-03-29T13:20:57Z">
          <reporter-output>
          </reporter-output>
        </test-method> <!-- test -->
      </class> <!-- projecttest.TestClass -->
    </test> <!-- Default test -->
  </suite> <!-- Default suite -->
</testng-results>
